<?xml version="1.0" encoding="UTF-8"?>
<testsuite xmlns:xsi="http://www.w3.org/2001/XMLSchema-instance" xsi:noNamespaceSchemaLocation="https://maven.apache.org/surefire/maven-surefire-plugin/xsd/surefire-test-report-3.0.xsd" version="3.0" name="FFOpenFirstGuestionTest" time="22.586" tests="1" errors="0" skipped="0" failures="0">
  <properties>
[...]
</properties>
  <testcase name="openFirstGuestion" classname="FFOpenFirstGuestionTest" time="22.504">
    <system-err><![CDATA[1714118503312	geckodriver	INFO	Listening on 127.0.0.1:53066
1714118503613	mozrunner::runner	INFO	Running command: "C:\\Program Files\\Mozilla Firefox\\firefox.exe" "--marionette" "-no-remote" "-profile" "C:\\Users\\Andrey\\AppData\\Local\\Temp\\rust_mozprofileFvP2Vq"
console.warn: services.settings: Ignoring preference override of remote settings server
console.warn: services.settings: Allow by setting MOZ_REMOTE_SETTINGS_DEVTOOLS=1 in the environment
1714118504200	Marionette	INFO	Marionette enabled
Dynamically enable window occlusion 0
1714118504329	Marionette	INFO	Listening on port 57484
Read port: 57484
1714118504558	RemoteAgent	WARN	TLS certificate errors will be ignored for this session
апр. 26, 2024 11:01:47 AM org.openqa.selenium.remote.ProtocolHandshake createSession
INFO: Detected dialect: W3C
console.warn: LoginRecipes: "Falling back to a synchronous message for: https://stackoverflow.com."
console.warn: LoginRecipes: "Falling back to a synchronous message for: https://stackoverflow.com."
JavaScript error: https://accounts.google.com/gsi/client, line 303: NotSupportedError: CredentialContainer request is not supported.
console.warn: LoginRecipes: "Falling back to a synchronous message for: https://stackoverflow.com."
console.warn: LoginRecipes: "Falling back to a synchronous message for: https://stackoverflow.com."
console.warn: LoginRecipes: "Falling back to a synchronous message for: https://stackoverflow.com."
console.warn: LoginRecipes: "Falling back to a synchronous message for: https://stackoverflow.com."
1714118523793	Marionette	INFO	Stopped listening on port 57484
JavaScript warning: https://ajax.googleapis.com/ajax/libs/jquery/1.12.4/jquery.min.js, line 2: Script terminated by timeout at:
fa@https://ajax.googleapis.com/ajax/libs/jquery/1.12.4/jquery.min.js:2:7324
handlers@https://ajax.googleapis.com/ajax/libs/jquery/1.12.4/jquery.min.js:3:12925
dispatch@https://ajax.googleapis.com/ajax/libs/jquery/1.12.4/jquery.min.js:3:12159
add/r.handle@https://ajax.googleapis.com/ajax/libs/jquery/1.12.4/jquery.min.js:3:9173
trigger@https://ajax.googleapis.com/ajax/libs/jquery/1.12.4/jquery.min.js:3:11573
simulate@https://ajax.googleapis.com/ajax/libs/jquery/1.12.4/jquery.min.js:3:15005
c@https://ajax.googleapis.com/ajax/libs/jquery/1.12.4/jquery.min.js:3:18143
Yo.prototype.setBannerFocus@https://cdn.cookielaw.org/scripttemplates/202312.1.0/otBannerSdk.js:7:144583
ii.prototype.initializeCookieParamsOnBannerLoad@https://cdn.cookielaw.org/scripttemplates/202312.1.0/otBannerSdk.js:7:424354
ii.prototype.windowLoadBanner/</<@https://cdn.cookielaw.org/scripttemplates/202312.1.0/otBannerSdk.js:7:423243
M/e/<@https://cdn.cookielaw.org/scripttemplates/202312.1.0/otBannerSdk.js:7:1920
R/<@https://cdn.cookielaw.org/scripttemplates/202312.1.0/otBannerSdk.js:7:966
R@https://cdn.cookielaw.org/scripttemplates/202312.1.0/otBannerSdk.js:7:717
ii.prototype.windowLoadBanner@https://cdn.cookielaw.org/scripttemplates/202312.1.0/otBannerSdk.js:7:421881
r@https://cdn.cookielaw.org/scripttemplates/202312.1.0/otBannerSdk.js:7:70144
l.prototype.trigger@https://cdn.cookielaw.org/scripttemplates/202312.1.0/otBannerSdk.js:7:70291
ro.prototype.loadBanner@https://cdn.cookielaw.org/scripttemplates/202312.1.0/otBannerSdk.js:7:134085
sr.prototype.LoadBanner@https://cdn.cookielaw.org/scripttemplates/202312.1.0/otBannerSdk.js:7:310310
@https://cdn.cookielaw.org/scripttemplates/202312.1.0/otBannerSdk.js:7:438423
M/e/<@https://cdn.cookielaw.org/scripttemplates/202312.1.0/otBannerSdk.js:7:1920
n@https://cdn.cookielaw.org/scripttemplates/202312.1.0/otBannerSdk.js:7:771

Dynamically enable window occlusion 1
]]></system-err>
  </testcase>
</testsuite>