<?xml version="1.0" encoding="UTF-8"?>
<testsuite xmlns:xsi="http://www.w3.org/2001/XMLSchema-instance" xsi:noNamespaceSchemaLocation="https://maven.apache.org/surefire/maven-surefire-plugin/xsd/surefire-test-report-3.0.xsd" version="3.0" name="AddAndDeleteFromCartTest" time="36.756" tests="1" errors="0" skipped="0" failures="0">
  <properties>
[...]
</properties>
  <testcase name="addAndDeleteFromCart" classname="AddAndDeleteFromCartTest" time="36.712">
    <system-err><![CDATA[1715309029430	geckodriver	INFO	Listening on 127.0.0.1:57839
1715309029604	mozrunner::runner	INFO	Running command: "C:\\Program Files\\Mozilla Firefox\\firefox.exe" "--marionette" "-no-remote" "-profile" "C:\\Users\\Andrey\\AppData\\Local\\Temp\\rust_mozprofileKvE3L6"
console.warn: services.settings: Ignoring preference override of remote settings server
console.warn: services.settings: Allow by setting MOZ_REMOTE_SETTINGS_DEVTOOLS=1 in the environment
1715309029910	Marionette	INFO	Marionette enabled
Dynamically enable window occlusion 0
1715309029994	Marionette	INFO	Listening on port 50509
Read port: 50509
1715309030154	RemoteAgent	WARN	TLS certificate errors will be ignored for this session
мая 10, 2024 5:43:51 AM org.openqa.selenium.remote.ProtocolHandshake createSession
INFO: Detected dialect: W3C
JavaScript warning: https://privacy-cs.mail.ru/static/sync-loader.js, line 5: WEBGL_debug_renderer_info is deprecated in Firefox and will be removed. Please use RENDERER.
JavaScript warning: https://privacy-cs.mail.ru/static/sync-loader.js, line 5: WEBGL_debug_renderer_info is deprecated in Firefox and will be removed. Please use RENDERER.
console.warn: LoginRecipes: "Falling back to a synchronous message for: https://www.lamoda.ru."
1715309057933	Marionette	WARN	Ignoring event 'DOMContentLoaded' because document has an invalid readyState of 'complete'.
1715309060000	addons.xpi	ERROR	System addon update list error SyntaxError: XMLHttpRequest.open: 'http://%(server)s/dummy-system-addons.xml' is not a valid URL.
мая 10, 2024 5:44:21 AM org.openqa.selenium.interactions.Actions moveToElement
INFO: When using the W3C Action commands, offsets are from the center of element
1715309064873	Marionette	INFO	Stopped listening on port 50509
Dynamically enable window occlusion 1
JavaScript error: , line 0: NetworkError: FetchEvent.respondWith() Promise rejected
JavaScript error: , line 0: NetworkError: FetchEvent.respondWith() Promise rejected
JavaScript error: , line 0: NetworkError: FetchEvent.respondWith() Promise rejected
JavaScript error: , line 0: NetworkError: FetchEvent.respondWith() Promise rejected
JavaScript error: , line 0: NetworkError: FetchEvent.respondWith() Promise rejected
]]></system-err>
  </testcase>
</testsuite>