<?xml version="1.0" encoding="UTF-8"?>
<testsuite xmlns:xsi="http://www.w3.org/2001/XMLSchema-instance" xsi:noNamespaceSchemaLocation="https://maven.apache.org/surefire/maven-surefire-plugin/xsd/surefire-test-report-3.0.xsd" version="3.0" name="FFSignOutTest" time="18.709" tests="1" errors="0" skipped="0" failures="0">
  <properties>
[...]
</properties>
  <testcase name="signOut" classname="FFSignOutTest" time="18.608">
    <system-err><![CDATA[1714116325654	geckodriver	INFO	Listening on 127.0.0.1:11333
1714116325985	mozrunner::runner	INFO	Running command: "C:\\Program Files\\Mozilla Firefox\\firefox.exe" "--marionette" "-no-remote" "-profile" "C:\\Users\\Andrey\\AppData\\Local\\Temp\\rust_mozprofileoynoe6"
console.warn: services.settings: Ignoring preference override of remote settings server
console.warn: services.settings: Allow by setting MOZ_REMOTE_SETTINGS_DEVTOOLS=1 in the environment
1714116326538	Marionette	INFO	Marionette enabled
Dynamically enable window occlusion 0
1714116326678	Marionette	INFO	Listening on port 50156
Read port: 50156
1714116326954	RemoteAgent	WARN	TLS certificate errors will be ignored for this session
апр. 26, 2024 10:25:30 AM org.openqa.selenium.remote.ProtocolHandshake createSession
INFO: Detected dialect: W3C
console.warn: LoginRecipes: "Falling back to a synchronous message for: https://stackoverflow.com."
console.warn: LoginRecipes: "Falling back to a synchronous message for: https://stackoverflow.com."
JavaScript error: https://accounts.google.com/gsi/client, line 303: NotSupportedError: CredentialContainer request is not supported.
JavaScript error: https://cdn.cookielaw.org/scripttemplates/202312.1.0/otBannerSdk.js, line 7: TypeError: r is undefined
console.warn: LoginRecipes: "Falling back to a synchronous message for: https://stackoverflow.com."
console.warn: LoginRecipes: "Falling back to a synchronous message for: https://stackoverflow.com."
JavaScript error: https://cdn.cookielaw.org/scripttemplates/202312.1.0/otBannerSdk.js, line 7: TypeError: can't convert undefined to object
JavaScript error: https://cdn.cookielaw.org/scripttemplates/202312.1.0/otBannerSdk.js, line 7: TypeError: can't convert undefined to object
JavaScript error: , line 0: uncaught exception: undefined
1714116342122	Marionette	INFO	Stopped listening on port 50156
Dynamically enable window occlusion 1
JavaScript error: resource://gre/actors/ContentMetaChild.sys.mjs, line 179: InvalidStateError: JSWindowActorChild.sendAsyncMessage: JSWindowActorChild cannot send at the moment
]]></system-err>
  </testcase>
</testsuite>